Arguments: 
  /home/ubuntu/.nvm/versions/node/v10.17.0/bin/node /usr/share/yarn/bin/yarn.js install

PATH: 
  /home/ubuntu/.nvm/versions/node/v10.17.0/bin:/home/ubuntu/.rvm/gems/ruby-2.6.3/bin:/home/ubuntu/.rvm/gems/ruby-2.6.3@global/bin:/home/ubuntu/.rvm/rubies/ruby-2.6.3/bin:/home/ubuntu/.rvm/gems/ruby-2.6.3/bin:/home/ubuntu/.rvm/gems/ruby-2.6.3@global/bin:/home/ubuntu/.rvm/rubies/ruby-2.6.3/bin:/usr/local/sbin:/usr/local/bin:/usr/sbin:/usr/bin:/sbin:/bin:/usr/games:/usr/local/games:/home/ubuntu/.local/bin:/home/ubuntu/bin:/home/ubuntu/.rvm/bin:/snap/bin:/home/ubuntu/.local/bin:/home/ubuntu/bin:/home/ubuntu/.rvm/bin:/home/ubuntu/.rvm/bin

Yarn version: 
  1.19.2

Node version: 
  10.17.0

Platform: 
  linux x64

Trace: 
  SyntaxError: /home/ubuntu/environment/todo/package.json: Unexpected token } in JSON at position 563
      at JSON.parse (<anonymous>)
      at /usr/share/yarn/lib/cli.js:1625:59
      at Generator.next (<anonymous>)
      at step (/usr/share/yarn/lib/cli.js:304:30)
      at /usr/share/yarn/lib/cli.js:315:13

npm manifest: 
  {
    "name": "todo",
    "version": "1.0.0",
    "description": "",
    "main": "index.js",
    "scripts": {
      "build": "babel src --out-dir dist",
      "start": "node dist/index.js",
      "dev": "nodemon --exec npx babel-node src/index.js",
      "prettier": "prettier --config ./.prettierrc --write \"**/*.js\"",
      "pretest": "eslint --ignore-path .gitignore .",
      "postinstall": "rm -rf dist && npm run build",
      "lint": "yarn prettier --write --check --config ./.prettierrc \"**/*.js\" && eslint --fix ./src",
      "release": "release-it patch --no-npm.publish",
    },
    "author": "",
    "license": "ISC",
    "dependencies": {
      "@babel/cli": "^7.7.4",
      "@babel/core": "^7.7.4",
      "@babel/node": "^7.7.4",
      "@babel/preset-env": "^7.7.4",
      "apollo-engine": "^1.1.2",
      "apollo-server-express": "^2.9.12",
      "body-parser": "^1.19.0",
      "cors": "^2.8.5",
      "dotenv": "^8.2.0",
      "express": "^4.17.1",
      "graphql": "^14.5.8",
      "graphql-compose": "^7.6.1",
      "graphql-compose-connection": "^6.0.3",
      "graphql-compose-mongoose": "^7.3.0",
      "graphql-middleware": "^4.0.2",
      "graphql-tools": "^4.0.6",
      "mongoose": "^5.7.13",
      "mongoose-bcrypt": "^1.6.0",
      "mongoose-timestamp": "^0.6.0"
    }
  }

yarn manifest: 
  No manifest

Lockfile: 
  No lockfile
